{"C:\\Users\\escha\\Desktop\\Example\\src\\stores\\user.ts": {"path":"C:\\Users\\escha\\Desktop\\Example\\src\\stores\\user.ts","statementMap":{"0":{"start":{"line":49,"column":21},"end":{"line":57,"column":null}},"1":{"start":{"line":61,"column":13},"end":{"line":218,"column":null}},"2":{"start":{"line":65,"column":8},"end":{"line":65,"column":null}},"3":{"start":{"line":68,"column":8},"end":{"line":68,"column":null}},"4":{"start":{"line":71,"column":8},"end":{"line":71,"column":null}},"5":{"start":{"line":74,"column":8},"end":{"line":78,"column":null}},"6":{"start":{"line":81,"column":8},"end":{"line":85,"column":null}},"7":{"start":{"line":88,"column":8},"end":{"line":92,"column":null}},"8":{"start":{"line":95,"column":8},"end":{"line":99,"column":null}},"9":{"start":{"line":104,"column":8},"end":{"line":104,"column":null}},"10":{"start":{"line":104,"column":36},"end":{"line":104,"column":69}},"11":{"start":{"line":107,"column":8},"end":{"line":107,"column":null}},"12":{"start":{"line":107,"column":36},"end":{"line":107,"column":90}},"13":{"start":{"line":110,"column":24},"end":{"line":110,"column":null}},"14":{"start":{"line":110,"column":48},"end":{"line":110,"column":null}},"15":{"start":{"line":113,"column":18},"end":{"line":113,"column":null}},"16":{"start":{"line":113,"column":36},"end":{"line":113,"column":null}},"17":{"start":{"line":123,"column":4},"end":{"line":123,"column":null}},"18":{"start":{"line":124,"column":4},"end":{"line":124,"column":null}},"19":{"start":{"line":125,"column":4},"end":{"line":125,"column":null}},"20":{"start":{"line":126,"column":4},"end":{"line":126,"column":null}},"21":{"start":{"line":127,"column":4},"end":{"line":127,"column":null}},"22":{"start":{"line":128,"column":4},"end":{"line":128,"column":null}},"23":{"start":{"line":129,"column":4},"end":{"line":129,"column":null}},"24":{"start":{"line":132,"column":4},"end":{"line":132,"column":null}},"25":{"start":{"line":133,"column":4},"end":{"line":133,"column":null}},"26":{"start":{"line":134,"column":4},"end":{"line":134,"column":null}},"27":{"start":{"line":135,"column":4},"end":{"line":135,"column":null}},"28":{"start":{"line":136,"column":4},"end":{"line":136,"column":null}},"29":{"start":{"line":137,"column":4},"end":{"line":137,"column":null}},"30":{"start":{"line":138,"column":4},"end":{"line":140,"column":null}},"31":{"start":{"line":139,"column":6},"end":{"line":139,"column":null}},"32":{"start":{"line":147,"column":4},"end":{"line":147,"column":null}},"33":{"start":{"line":148,"column":4},"end":{"line":148,"column":null}},"34":{"start":{"line":150,"column":4},"end":{"line":153,"column":null}},"35":{"start":{"line":151,"column":6},"end":{"line":151,"column":null}},"36":{"start":{"line":152,"column":6},"end":{"line":152,"column":null}},"37":{"start":{"line":155,"column":4},"end":{"line":158,"column":null}},"38":{"start":{"line":156,"column":6},"end":{"line":156,"column":null}},"39":{"start":{"line":157,"column":6},"end":{"line":157,"column":null}},"40":{"start":{"line":165,"column":4},"end":{"line":165,"column":null}},"41":{"start":{"line":166,"column":4},"end":{"line":166,"column":null}},"42":{"start":{"line":168,"column":4},"end":{"line":171,"column":null}},"43":{"start":{"line":169,"column":6},"end":{"line":169,"column":null}},"44":{"start":{"line":170,"column":6},"end":{"line":170,"column":null}},"45":{"start":{"line":180,"column":4},"end":{"line":180,"column":null}},"46":{"start":{"line":181,"column":4},"end":{"line":181,"column":null}},"47":{"start":{"line":182,"column":4},"end":{"line":182,"column":null}},"48":{"start":{"line":183,"column":4},"end":{"line":183,"column":null}},"49":{"start":{"line":184,"column":4},"end":{"line":184,"column":null}},"50":{"start":{"line":185,"column":4},"end":{"line":185,"column":null}},"51":{"start":{"line":186,"column":4},"end":{"line":186,"column":null}},"52":{"start":{"line":189,"column":4},"end":{"line":189,"column":null}},"53":{"start":{"line":190,"column":4},"end":{"line":190,"column":null}},"54":{"start":{"line":191,"column":4},"end":{"line":191,"column":null}},"55":{"start":{"line":192,"column":4},"end":{"line":192,"column":null}},"56":{"start":{"line":193,"column":4},"end":{"line":193,"column":null}},"57":{"start":{"line":194,"column":4},"end":{"line":194,"column":null}},"58":{"start":{"line":195,"column":4},"end":{"line":195,"column":null}},"59":{"start":{"line":198,"column":2},"end":{"line":217,"column":null}}},"fnMap":{"0":{"name":"(anonymous_0)","decl":{"start":{"line":61,"column":48},"end":{"line":61,"column":54}},"loc":{"start":{"line":61,"column":54},"end":{"line":218,"column":1}},"line":61},"1":{"name":"(anonymous_1)","decl":{"start":{"line":104,"column":30},"end":{"line":104,"column":36}},"loc":{"start":{"line":104,"column":36},"end":{"line":104,"column":69}},"line":104},"2":{"name":"(anonymous_2)","decl":{"start":{"line":107,"column":30},"end":{"line":107,"column":36}},"loc":{"start":{"line":107,"column":36},"end":{"line":107,"column":90}},"line":107},"3":{"name":"(anonymous_3)","decl":{"start":{"line":110,"column":24},"end":{"line":110,"column":25}},"loc":{"start":{"line":110,"column":48},"end":{"line":110,"column":null}},"line":110},"4":{"name":"(anonymous_4)","decl":{"start":{"line":113,"column":18},"end":{"line":113,"column":19}},"loc":{"start":{"line":113,"column":36},"end":{"line":113,"column":null}},"line":113},"5":{"name":"setLoginInfo","decl":{"start":{"line":121,"column":11},"end":{"line":121,"column":24}},"loc":{"start":{"line":121,"column":46},"end":{"line":141,"column":null}},"line":121},"6":{"name":"updateToken","decl":{"start":{"line":146,"column":11},"end":{"line":146,"column":23}},"loc":{"start":{"line":146,"column":87},"end":{"line":159,"column":null}},"line":146},"7":{"name":"setUserInfo","decl":{"start":{"line":164,"column":11},"end":{"line":164,"column":23}},"loc":{"start":{"line":164,"column":62},"end":{"line":172,"column":null}},"line":164},"8":{"name":"clearUserInfo","decl":{"start":{"line":178,"column":11},"end":{"line":178,"column":27}},"loc":{"start":{"line":178,"column":27},"end":{"line":196,"column":null}},"line":178}},"branchMap":{"0":{"loc":{"start":{"line":65,"column":28},"end":{"line":65,"column":74}},"type":"binary-expr","locations":[{"start":{"line":65,"column":28},"end":{"line":65,"column":72}},{"start":{"line":65,"column":72},"end":{"line":65,"column":74}}],"line":65},"1":{"loc":{"start":{"line":68,"column":32},"end":{"line":68,"column":89}},"type":"binary-expr","locations":[{"start":{"line":68,"column":32},"end":{"line":68,"column":81}},{"start":{"line":68,"column":81},"end":{"line":68,"column":89}}],"line":68},"2":{"loc":{"start":{"line":71,"column":32},"end":{"line":71,"column":90}},"type":"binary-expr","locations":[{"start":{"line":71,"column":32},"end":{"line":71,"column":89}},{"start":{"line":71,"column":89},"end":{"line":71,"column":90}}],"line":71},"3":{"loc":{"start":{"line":75,"column":4},"end":{"line":77,"column":null}},"type":"cond-expr","locations":[{"start":{"line":76,"column":8},"end":{"line":76,"column":null}},{"start":{"line":77,"column":8},"end":{"line":77,"column":null}}],"line":75},"4":{"loc":{"start":{"line":82,"column":4},"end":{"line":84,"column":null}},"type":"cond-expr","locations":[{"start":{"line":83,"column":8},"end":{"line":83,"column":null}},{"start":{"line":84,"column":8},"end":{"line":84,"column":null}}],"line":82},"5":{"loc":{"start":{"line":89,"column":4},"end":{"line":91,"column":null}},"type":"cond-expr","locations":[{"start":{"line":90,"column":8},"end":{"line":90,"column":null}},{"start":{"line":91,"column":8},"end":{"line":91,"column":null}}],"line":89},"6":{"loc":{"start":{"line":96,"column":4},"end":{"line":98,"column":null}},"type":"cond-expr","locations":[{"start":{"line":97,"column":8},"end":{"line":97,"column":null}},{"start":{"line":98,"column":8},"end":{"line":98,"column":null}}],"line":96},"7":{"loc":{"start":{"line":104,"column":36},"end":{"line":104,"column":69}},"type":"binary-expr","locations":[{"start":{"line":104,"column":36},"end":{"line":104,"column":53}},{"start":{"line":104,"column":53},"end":{"line":104,"column":69}}],"line":104},"8":{"loc":{"start":{"line":107,"column":36},"end":{"line":107,"column":90}},"type":"cond-expr","locations":[{"start":{"line":107,"column":50},"end":{"line":107,"column":88}},{"start":{"line":107,"column":88},"end":{"line":107,"column":90}}],"line":107},"9":{"loc":{"start":{"line":124,"column":22},"end":{"line":124,"column":null}},"type":"binary-expr","locations":[{"start":{"line":124,"column":22},"end":{"line":124,"column":45}},{"start":{"line":124,"column":45},"end":{"line":124,"column":null}}],"line":124},"10":{"loc":{"start":{"line":127,"column":18},"end":{"line":127,"column":null}},"type":"binary-expr","locations":[{"start":{"line":127,"column":18},"end":{"line":127,"column":37}},{"start":{"line":127,"column":37},"end":{"line":127,"column":null}}],"line":127},"11":{"loc":{"start":{"line":128,"column":24},"end":{"line":128,"column":null}},"type":"binary-expr","locations":[{"start":{"line":128,"column":24},"end":{"line":128,"column":49}},{"start":{"line":128,"column":49},"end":{"line":128,"column":null}}],"line":128},"12":{"loc":{"start":{"line":129,"column":22},"end":{"line":129,"column":null}},"type":"binary-expr","locations":[{"start":{"line":129,"column":22},"end":{"line":129,"column":45}},{"start":{"line":129,"column":45},"end":{"line":129,"column":null}}],"line":129},"13":{"loc":{"start":{"line":133,"column":50},"end":{"line":133,"column":81}},"type":"binary-expr","locations":[{"start":{"line":133,"column":50},"end":{"line":133,"column":73}},{"start":{"line":133,"column":73},"end":{"line":133,"column":81}}],"line":133},"14":{"loc":{"start":{"line":136,"column":60},"end":{"line":136,"column":81}},"type":"binary-expr","locations":[{"start":{"line":136,"column":60},"end":{"line":136,"column":79}},{"start":{"line":136,"column":79},"end":{"line":136,"column":81}}],"line":136},"15":{"loc":{"start":{"line":137,"column":66},"end":{"line":137,"column":93}},"type":"binary-expr","locations":[{"start":{"line":137,"column":66},"end":{"line":137,"column":91}},{"start":{"line":137,"column":91},"end":{"line":137,"column":93}}],"line":137},"16":{"loc":{"start":{"line":138,"column":4},"end":{"line":140,"column":null}},"type":"if","locations":[{"start":{"line":138,"column":4},"end":{"line":140,"column":null}},{"start":{},"end":{}}],"line":138},"17":{"loc":{"start":{"line":150,"column":4},"end":{"line":153,"column":null}},"type":"if","locations":[{"start":{"line":150,"column":4},"end":{"line":153,"column":null}},{"start":{},"end":{}}],"line":150},"18":{"loc":{"start":{"line":155,"column":4},"end":{"line":158,"column":null}},"type":"if","locations":[{"start":{"line":155,"column":4},"end":{"line":158,"column":null}},{"start":{},"end":{}}],"line":155},"19":{"loc":{"start":{"line":168,"column":4},"end":{"line":171,"column":null}},"type":"if","locations":[{"start":{"line":168,"column":4},"end":{"line":171,"column":null}},{"start":{},"end":{}}],"line":168}},"s":{"0":1,"1":1,"2":2,"3":2,"4":2,"5":2,"6":2,"7":2,"8":2,"9":2,"10":0,"11":2,"12":0,"13":2,"14":0,"15":2,"16":0,"17":200,"18":200,"19":200,"20":200,"21":200,"22":200,"23":200,"24":200,"25":200,"26":200,"27":200,"28":200,"29":200,"30":200,"31":170,"32":0,"33":0,"34":0,"35":0,"36":0,"37":0,"38":0,"39":0,"40":0,"41":0,"42":0,"43":0,"44":0,"45":100,"46":100,"47":100,"48":100,"49":100,"50":100,"51":100,"52":100,"53":100,"54":100,"55":100,"56":100,"57":100,"58":100,"59":2},"f":{"0":2,"1":0,"2":0,"3":0,"4":0,"5":200,"6":0,"7":0,"8":100},"b":{"0":[2,2],"1":[2,2],"2":[2,2],"3":[0,2],"4":[0,2],"5":[0,2],"6":[0,2],"7":[0,0],"8":[0,0],"9":[200,0],"10":[200,0],"11":[200,0],"12":[200,30],"13":[200,0],"14":[200,0],"15":[200,0],"16":[170,30],"17":[0,0],"18":[0,0],"19":[0,0]},"meta":{"lastBranch":20,"lastFunction":9,"lastStatement":60,"seen":{"s:49:21:57:Infinity":0,"s:61:13:218:Infinity":1,"f:61:48:61:54":0,"s:65:8:65:Infinity":2,"b:65:28:65:72:65:72:65:74":0,"s:68:8:68:Infinity":3,"b:68:32:68:81:68:81:68:89":1,"s:71:8:71:Infinity":4,"b:71:32:71:89:71:89:71:90":2,"s:74:8:78:Infinity":5,"b:76:8:76:Infinity:77:8:77:Infinity":3,"s:81:8:85:Infinity":6,"b:83:8:83:Infinity:84:8:84:Infinity":4,"s:88:8:92:Infinity":7,"b:90:8:90:Infinity:91:8:91:Infinity":5,"s:95:8:99:Infinity":8,"b:97:8:97:Infinity:98:8:98:Infinity":6,"s:104:8:104:Infinity":9,"f:104:30:104:36":1,"s:104:36:104:69":10,"b:104:36:104:53:104:53:104:69":7,"s:107:8:107:Infinity":11,"f:107:30:107:36":2,"s:107:36:107:90":12,"b:107:50:107:88:107:88:107:90":8,"s:110:24:110:Infinity":13,"f:110:24:110:25":3,"s:110:48:110:Infinity":14,"s:113:18:113:Infinity":15,"f:113:18:113:19":4,"s:113:36:113:Infinity":16,"f:121:11:121:24":5,"s:123:4:123:Infinity":17,"s:124:4:124:Infinity":18,"b:124:22:124:45:124:45:124:Infinity":9,"s:125:4:125:Infinity":19,"s:126:4:126:Infinity":20,"s:127:4:127:Infinity":21,"b:127:18:127:37:127:37:127:Infinity":10,"s:128:4:128:Infinity":22,"b:128:24:128:49:128:49:128:Infinity":11,"s:129:4:129:Infinity":23,"b:129:22:129:45:129:45:129:Infinity":12,"s:132:4:132:Infinity":24,"s:133:4:133:Infinity":25,"b:133:50:133:73:133:73:133:81":13,"s:134:4:134:Infinity":26,"s:135:4:135:Infinity":27,"s:136:4:136:Infinity":28,"b:136:60:136:79:136:79:136:81":14,"s:137:4:137:Infinity":29,"b:137:66:137:91:137:91:137:93":15,"b:138:4:140:Infinity:undefined:undefined:undefined:undefined":16,"s:138:4:140:Infinity":30,"s:139:6:139:Infinity":31,"f:146:11:146:23":6,"s:147:4:147:Infinity":32,"s:148:4:148:Infinity":33,"b:150:4:153:Infinity:undefined:undefined:undefined:undefined":17,"s:150:4:153:Infinity":34,"s:151:6:151:Infinity":35,"s:152:6:152:Infinity":36,"b:155:4:158:Infinity:undefined:undefined:undefined:undefined":18,"s:155:4:158:Infinity":37,"s:156:6:156:Infinity":38,"s:157:6:157:Infinity":39,"f:164:11:164:23":7,"s:165:4:165:Infinity":40,"s:166:4:166:Infinity":41,"b:168:4:171:Infinity:undefined:undefined:undefined:undefined":19,"s:168:4:171:Infinity":42,"s:169:6:169:Infinity":43,"s:170:6:170:Infinity":44,"f:178:11:178:27":8,"s:180:4:180:Infinity":45,"s:181:4:181:Infinity":46,"s:182:4:182:Infinity":47,"s:183:4:183:Infinity":48,"s:184:4:184:Infinity":49,"s:185:4:185:Infinity":50,"s:186:4:186:Infinity":51,"s:189:4:189:Infinity":52,"s:190:4:190:Infinity":53,"s:191:4:191:Infinity":54,"s:192:4:192:Infinity":55,"s:193:4:193:Infinity":56,"s:194:4:194:Infinity":57,"s:195:4:195:Infinity":58,"s:198:2:217:Infinity":59}}}
}
